<?xml version="1.0" encoding="utf-8"?><testsuites><testsuite name="pytest" errors="0" failures="0" skipped="0" tests="4" time="0.085" timestamp="2021-10-05T16:17:29.782301" hostname="D7RCL13"><testcase classname="test_stq.MyTestCase1" name="test_something" time="0.001" /><testcase classname="test_stq.MyTestCase1" name="test_sqrt" time="0.001" /><testcase classname="test_stq.MyTestCase1" name="test_ter" time="0.001" /><testcase classname="test_stq.MyTestCase1" name="testsquare" time="0.001" /></testsuite></testsuites>